<?xml version="1.0" encoding="UTF-8"?>
<!-- Generated by org.testng.reporters.JUnitReportReporter -->
<testsuite hostname="USBLRRAGHVR1" failures="0" tests="1" name="tests.TestsExample" time="12.924" errors="0" timestamp="2023-01-24T22:09:57 IST" skipped="0">
  <testcase classname="tests.TestsExample" name="adLocationAPI" time="12.924"/>
  <system-out/>
</testsuite> <!-- tests.TestsExample -->
