<?xml version="1.0" encoding="UTF-8"?>
<!-- Generated by org.testng.reporters.JUnitReportReporter -->
<testsuite hostname="USBLRRAGHVR1" failures="0" tests="1" name="tests.ComplexJsonParse" time="2.243" errors="0" timestamp="2023-01-26T22:30:52 IST" skipped="0">
  <testcase classname="tests.ComplexJsonParse" name="complexJsonValidation" time="2.243"/>
  <system-out/>
</testsuite> <!-- tests.ComplexJsonParse -->
