<?xml version="1.0" encoding="UTF-8"?>
<!-- Generated by org.testng.reporters.JUnitReportReporter -->
<testsuite hostname="USBLRRAGHVR1" failures="0" tests="1" name="tests.DynamicAddBookApi" time="1.339" errors="0" timestamp="2023-01-27T18:25:31 IST" skipped="0">
  <testcase classname="tests.DynamicAddBookApi" name="addBookStaticApi" time="1.339"/>
  <system-out/>
</testsuite> <!-- tests.DynamicAddBookApi -->
